# JRE version: OpenJDK Runtime Environment (20.0.2+9) (build 20.0.2+9-78)
# Java VM: OpenJDK 64-Bit Server VM (20.0.2+9-78, mixed mode, sharing, tiered, compressed oops, compressed class ptrs, g1 gc, linux-amd64)
GC Precious Log:
 CardTable entry size: 512
 Card Set container configuration: InlinePtr #cards 4 size 8 Array Of Cards #cards 32 size 80 Howl #buckets 8 coarsen threshold 7372 Howl Bitmap #cards 1024 size 144 coarsen threshold 921 Card regions per heap region 1 cards per card region 8192
 CPUs: 4 total, 4 available
 Memory: 29993M
 Large Page Support: Disabled
 NUMA Support: Disabled
 Compressed Oops: Enabled (Zero based)
 Heap Region Size: 4M
 Heap Min Capacity: 8M
 Heap Initial Capacity: 472M
 Heap Max Capacity: 7500M
 Pre-touch: Disabled
 Parallel Workers: 4
 Concurrent Workers: 1
 Concurrent Refinement Workers: 4
 Periodic GC: Disabled
Heap:
 garbage-first heap   total 110592K, used 19131K [0x000000062b400000, 0x0000000800000000)
  region size 4096K, 4 young (16384K), 3 survivors (12288K)
 Metaspace       used 22059K, committed 22464K, reserved 1114112K
  class space    used 2536K, committed 2688K, reserved 1048576K
GC Heap History (8 events):
Event: 0,504 GC heap before
{Heap before GC invocations=0 (full 0):
 garbage-first heap   total 491520K, used 24560K [0x000000062b400000, 0x0000000800000000)
  region size 4096K, 5 young (20480K), 0 survivors (0K)
 Metaspace       used 3391K, committed 3520K, reserved 1114112K
  class space    used 390K, committed 448K, reserved 1048576K
}
Event: 0,509 GC heap after
{Heap after GC invocations=1 (full 0):
 garbage-first heap   total 491520K, used 7153K [0x000000062b400000, 0x0000000800000000)
  region size 4096K, 1 young (4096K), 1 survivors (4096K)
 Metaspace       used 3391K, committed 3520K, reserved 1114112K
  class space    used 390K, committed 448K, reserved 1048576K
}
Event: 0,904 GC heap before
{Heap before GC invocations=1 (full 0):
 garbage-first heap   total 491520K, used 23537K [0x000000062b400000, 0x0000000800000000)
  region size 4096K, 5 young (20480K), 1 survivors (4096K)
 Metaspace       used 8113K, committed 8384K, reserved 1114112K
  class space    used 837K, committed 960K, reserved 1048576K
}
Event: 0,908 GC heap after
{Heap after GC invocations=2 (full 0):
 garbage-first heap   total 491520K, used 9289K [0x000000062b400000, 0x0000000800000000)
  region size 4096K, 1 young (4096K), 1 survivors (4096K)
 Metaspace       used 8113K, committed 8384K, reserved 1114112K
  class space    used 837K, committed 960K, reserved 1048576K
}
Event: 6,649 GC heap before
{Heap before GC invocations=2 (full 0):
 garbage-first heap   total 491520K, used 46153K [0x000000062b400000, 0x0000000800000000)
  region size 4096K, 10 young (40960K), 1 survivors (4096K)
 Metaspace       used 20509K, committed 20736K, reserved 1114112K
  class space    used 2310K, committed 2432K, reserved 1048576K
}
Event: 6,662 GC heap after
{Heap after GC invocations=3 (full 0):
 garbage-first heap   total 491520K, used 16897K [0x000000062b400000, 0x0000000800000000)
  region size 4096K, 2 young (8192K), 2 survivors (8192K)
 Metaspace       used 20509K, committed 20736K, reserved 1114112K
  class space    used 2310K, committed 2432K, reserved 1048576K
}
Event: 6,828 GC heap before
{Heap before GC invocations=3 (full 0):
 garbage-first heap   total 491520K, used 25089K [0x000000062b400000, 0x0000000800000000)
  region size 4096K, 5 young (20480K), 2 survivors (8192K)
 Metaspace       used 21164K, committed 21504K, reserved 1114112K
  class space    used 2398K, committed 2560K, reserved 1048576K
}
Event: 6,835 GC heap after
{Heap after GC invocations=4 (full 0):
 garbage-first heap   total 491520K, used 19131K [0x000000062b400000, 0x0000000800000000)
  region size 4096K, 3 young (12288K), 3 survivors (12288K)
 Metaspace       used 21164K, committed 21504K, reserved 1114112K
  class space    used 2398K, committed 2560K, reserved 1048576K
}

