# JRE version: OpenJDK Runtime Environment (20.0.2+9) (build 20.0.2+9-78)
# Java VM: OpenJDK 64-Bit Server VM (20.0.2+9-78, mixed mode, sharing, tiered, compressed oops, compressed class ptrs, g1 gc, linux-amd64)
GC Precious Log:
 CardTable entry size: 512
 Card Set container configuration: InlinePtr #cards 5 size 8 Array Of Cards #cards 12 size 40 Howl #buckets 4 coarsen threshold 1843 Howl Bitmap #cards 512 size 80 coarsen threshold 460 Card regions per heap region 1 cards per card region 2048
 CPUs: 4 total, 4 available
 Memory: 29993M
 Large Page Support: Disabled
 NUMA Support: Disabled
 Compressed Oops: Enabled (32-bit)
 Heap Region Size: 1M
 Heap Min Capacity: 256M
 Heap Initial Capacity: 256M
 Heap Max Capacity: 512M
 Pre-touch: Disabled
 Parallel Workers: 4
 Concurrent Workers: 1
 Concurrent Refinement Workers: 4
 Periodic GC: Disabled
Heap:
 garbage-first heap   total 347136K, used 226155K [0x00000000e0000000, 0x0000000100000000)
  region size 1024K, 122 young (124928K), 7 survivors (7168K)
 Metaspace       used 124324K, committed 126592K, reserved 446464K
  class space    used 16279K, committed 17408K, reserved 315392K
GC Heap History (20 events):
Event: 31,799 GC heap before
{Heap before GC invocations=29 (full 0):
 garbage-first heap   total 262144K, used 217087K [0x00000000e0000000, 0x0000000100000000)
  region size 1024K, 153 young (156672K), 5 survivors (5120K)
 Metaspace       used 45902K, committed 47296K, reserved 380928K
  class space    used 6352K, committed 7040K, reserved 315392K
}
Event: 31,803 GC heap after
{Heap after GC invocations=30 (full 0):
 garbage-first heap   total 262144K, used 64835K [0x00000000e0000000, 0x0000000100000000)
  region size 1024K, 4 young (4096K), 4 survivors (4096K)
 Metaspace       used 45902K, committed 47296K, reserved 380928K
  class space    used 6352K, committed 7040K, reserved 315392K
}
Event: 36,132 GC heap before
{Heap before GC invocations=30 (full 0):
 garbage-first heap   total 262144K, used 221507K [0x00000000e0000000, 0x0000000100000000)
  region size 1024K, 153 young (156672K), 4 survivors (4096K)
 Metaspace       used 58187K, committed 59904K, reserved 380928K
  class space    used 8500K, committed 9344K, reserved 315392K
}
Event: 36,153 GC heap after
{Heap after GC invocations=31 (full 0):
 garbage-first heap   total 262144K, used 74759K [0x00000000e0000000, 0x0000000100000000)
  region size 1024K, 11 young (11264K), 11 survivors (11264K)
 Metaspace       used 58187K, committed 59904K, reserved 380928K
  class space    used 8500K, committed 9344K, reserved 315392K
}
Event: 36,429 GC heap before
{Heap before GC invocations=31 (full 0):
 garbage-first heap   total 262144K, used 92167K [0x00000000e0000000, 0x0000000100000000)
  region size 1024K, 29 young (29696K), 11 survivors (11264K)
 Metaspace       used 60368K, committed 62080K, reserved 380928K
  class space    used 8786K, committed 9664K, reserved 315392K
}
Event: 36,445 GC heap after
{Heap after GC invocations=32 (full 0):
 garbage-first heap   total 262144K, used 75936K [0x00000000e0000000, 0x0000000100000000)
  region size 1024K, 12 young (12288K), 12 survivors (12288K)
 Metaspace       used 60368K, committed 62080K, reserved 380928K
  class space    used 8786K, committed 9664K, reserved 315392K
}
Event: 39,260 GC heap before
{Heap before GC invocations=33 (full 0):
 garbage-first heap   total 262144K, used 234656K [0x00000000e0000000, 0x0000000100000000)
  region size 1024K, 153 young (156672K), 12 survivors (12288K)
 Metaspace       used 75773K, committed 77568K, reserved 446464K
  class space    used 10592K, committed 11456K, reserved 315392K
}
Event: 39,299 GC heap after
{Heap after GC invocations=34 (full 0):
 garbage-first heap   total 262144K, used 93232K [0x00000000e0000000, 0x0000000100000000)
  region size 1024K, 20 young (20480K), 20 survivors (20480K)
 Metaspace       used 75773K, committed 77568K, reserved 446464K
  class space    used 10592K, committed 11456K, reserved 315392K
}
Event: 41,405 GC heap before
{Heap before GC invocations=34 (full 0):
 garbage-first heap   total 262144K, used 225328K [0x00000000e0000000, 0x0000000100000000)
  region size 1024K, 149 young (152576K), 20 survivors (20480K)
 Metaspace       used 92091K, committed 94208K, reserved 446464K
  class space    used 12455K, committed 13504K, reserved 315392K
}
Event: 41,442 GC heap after
{Heap after GC invocations=35 (full 0):
 garbage-first heap   total 262144K, used 99824K [0x00000000e0000000, 0x0000000100000000)
  region size 1024K, 8 young (8192K), 8 survivors (8192K)
 Metaspace       used 92091K, committed 94208K, reserved 446464K
  class space    used 12455K, committed 13504K, reserved 315392K
}
Event: 41,767 GC heap before
{Heap before GC invocations=35 (full 0):
 garbage-first heap   total 262144K, used 115184K [0x00000000e0000000, 0x0000000100000000)
  region size 1024K, 24 young (24576K), 8 survivors (8192K)
 Metaspace       used 93363K, committed 95552K, reserved 446464K
  class space    used 12608K, committed 13696K, reserved 315392K
}
Event: 41,784 GC heap after
{Heap after GC invocations=36 (full 0):
 garbage-first heap   total 262144K, used 100795K [0x00000000e0000000, 0x0000000100000000)
  region size 1024K, 9 young (9216K), 9 survivors (9216K)
 Metaspace       used 93363K, committed 95552K, reserved 446464K
  class space    used 12608K, committed 13696K, reserved 315392K
}
Event: 43,845 GC heap before
{Heap before GC invocations=37 (full 0):
 garbage-first heap   total 262144K, used 235963K [0x00000000e0000000, 0x0000000100000000)
  region size 1024K, 142 young (145408K), 9 survivors (9216K)
 Metaspace       used 105697K, committed 107840K, reserved 446464K
  class space    used 13920K, committed 14976K, reserved 315392K
}
Event: 43,868 GC heap after
{Heap after GC invocations=38 (full 0):
 garbage-first heap   total 262144K, used 105456K [0x00000000e0000000, 0x0000000100000000)
  region size 1024K, 15 young (15360K), 15 survivors (15360K)
 Metaspace       used 105697K, committed 107840K, reserved 446464K
  class space    used 13920K, committed 14976K, reserved 315392K
}
Event: 47,422 GC heap before
{Heap before GC invocations=38 (full 0):
 garbage-first heap   total 262144K, used 230384K [0x00000000e0000000, 0x0000000100000000)
  region size 1024K, 138 young (141312K), 15 survivors (15360K)
 Metaspace       used 120141K, committed 122368K, reserved 446464K
  class space    used 15573K, committed 16704K, reserved 315392K
}
Event: 47,471 GC heap after
{Heap after GC invocations=39 (full 0):
 garbage-first heap   total 262144K, used 110365K [0x00000000e0000000, 0x0000000100000000)
  region size 1024K, 15 young (15360K), 15 survivors (15360K)
 Metaspace       used 120141K, committed 122368K, reserved 446464K
  class space    used 15573K, committed 16704K, reserved 315392K
}
Event: 47,617 GC heap before
{Heap before GC invocations=39 (full 0):
 garbage-first heap   total 262144K, used 143133K [0x00000000e0000000, 0x0000000100000000)
  region size 1024K, 49 young (50176K), 15 survivors (15360K)
 Metaspace       used 120150K, committed 122368K, reserved 446464K
  class space    used 15573K, committed 16704K, reserved 315392K
}
Event: 47,651 GC heap after
{Heap after GC invocations=40 (full 0):
 garbage-first heap   total 262144K, used 110560K [0x00000000e0000000, 0x0000000100000000)
  region size 1024K, 7 young (7168K), 7 survivors (7168K)
 Metaspace       used 120150K, committed 122368K, reserved 446464K
  class space    used 15573K, committed 16704K, reserved 315392K
}
Event: 48,358 GC heap before
{Heap before GC invocations=40 (full 0):
 garbage-first heap   total 347136K, used 236512K [0x00000000e0000000, 0x0000000100000000)
  region size 1024K, 129 young (132096K), 7 survivors (7168K)
 Metaspace       used 120155K, committed 122368K, reserved 446464K
  class space    used 15573K, committed 16704K, reserved 315392K
}
Event: 48,379 GC heap after
{Heap after GC invocations=41 (full 0):
 garbage-first heap   total 347136K, used 110443K [0x00000000e0000000, 0x0000000100000000)
  region size 1024K, 7 young (7168K), 7 survivors (7168K)
 Metaspace       used 120155K, committed 122368K, reserved 446464K
  class space    used 15573K, committed 16704K, reserved 315392K
}

